<?xml version="1.0" encoding="UTF-8"?>
<!-- Generated by org.testng.reporters.JUnitReportReporter -->
<testsuite skipped="0" hostname="DESKTOP-0481EJ2" name="api.test.Jira_API" tests="2" failures="0" timestamp="2020-08-15T15:02:58 IST" time="10.703" errors="0">
  <testcase name="createProject" time="10.447" classname="api.test.Jira_API"/>
  <system-out/>
  <testcase name="getAllStatusesForProject" time="0.256" classname="api.test.Jira_API"/>
  <system-out/>
</testsuite> <!-- api.test.Jira_API -->
