<?xml version="1.0" encoding="UTF-8"?>
<!-- Generated by org.testng.reporters.JUnitReportReporter -->
<testsuite skipped="0" hostname="DESKTOP-0481EJ2" name="api.test.sample_test" tests="1" failures="0" timestamp="2020-07-30T15:00:29 IST" time="5.165" errors="0">
  <testcase name="sample" time="5.165" classname="api.test.sample_test"/>
  <system-out/>
</testsuite> <!-- api.test.sample_test -->
